#-----------------------------------------------------------
# Vivado v2018.3 (64-bit)
# SW Build 2405991 on Thu Dec  6 23:38:27 MST 2018
# IP Build 2404404 on Fri Dec  7 01:43:56 MST 2018
# Start of session at: Wed May 31 06:01:28 2023
# Process ID: 12756
# Current directory: C:/Users/flori/OneDrive/Desktop/incercare
# Command line: vivado.exe -gui_launcher_event rodinguilauncherevent9172 C:\Users\flori\OneDrive\Desktop\incercare\incercare.xpr
# Log file: C:/Users/flori/OneDrive/Desktop/incercare/vivado.log
# Journal file: C:/Users/flori/OneDrive/Desktop/incercare\vivado.jou
#-----------------------------------------------------------
start_gui
open_project C:/Users/flori/OneDrive/Desktop/incercare/incercare.xpr
INFO: [Project 1-313] Project file moved from 'C:/Users/flori/incercare' since last save.
Scanning sources...
Finished scanning sources
INFO: [IP_Flow 19-234] Refreshing IP repositories
INFO: [IP_Flow 19-1704] No user IP repositories specified
INFO: [IP_Flow 19-2313] Loaded Vivado IP repository 'C:/Xilinx/Vivado/2018.3/data/ip'.
open_project: Time (s): cpu = 00:00:34 ; elapsed = 00:02:26 . Memory (MB): peak = 657.789 ; gain = 115.762
open_hw
open_hw: Time (s): cpu = 00:00:06 ; elapsed = 00:00:14 . Memory (MB): peak = 663.582 ; gain = 5.793
update_compile_order -fileset sources_1
connect_hw_server
